<?xml version="1.0" encoding="UTF-8"?>
<!-- Generated by org.testng.reporters.JUnitReportReporter -->
<testsuite hostname="Sai-PC" name="day26.testsuite.Login" tests="1" failures="0" timestamp="16 May 2017 03:03:18 GMT" time="24.743" errors="0">
  <testcase name="loginTest" time="24.743" classname="day26.testsuite.Login"/>
</testsuite> <!-- day26.testsuite.Login -->
