<?xml version="1.0" encoding="UTF-8"?>
<!-- Generated by org.testng.reporters.JUnitReportReporter -->
<testsuite hostname="Sai-PC" name="AjaxAutosuggestions" tests="1" failures="0" timestamp="24 Mar 2017 03:43:41 GMT" time="2.976" errors="0">
  <testcase name="ajaxTest" time="2.976" classname="AjaxAutosuggestions"/>
</testsuite> <!-- AjaxAutosuggestions -->
