<?xml version="1.0" encoding="UTF-8"?>
<!-- Generated by org.testng.reporters.JUnitReportReporter -->
<testsuite hostname="Sai-PC" name="day15.TabandPopupHandling1" tests="1" failures="0" timestamp="14 Oct 2016 05:05:18 GMT" time="10.684" errors="0">
  <testcase name="tabTest" time="10.684" classname="day15.TabandPopupHandling1"/>
</testsuite> <!-- day15.TabandPopupHandling1 -->
