<?xml version="1.0" encoding="UTF-8"?>
<!-- Generated by org.testng.reporters.JUnitReportReporter -->
<testsuite hostname="Sai-PC" name="day23.DatadrivenTesting2" tests="1" failures="0" timestamp="24 Oct 2016 05:26:10 GMT" time="20.353" errors="0">
  <testcase name="linkTest" time="20.353" classname="day23.DatadrivenTesting2"/>
</testsuite> <!-- day23.DatadrivenTesting2 -->
