<?xml version="1.0" encoding="UTF-8"?>
<!-- Generated by org.testng.reporters.JUnitReportReporter -->
<testsuite hostname="Sai-PC" name="day36.LoginUsingGrid" tests="1" failures="0" timestamp="29 Dec 2016 04:50:06 GMT" time="16.163" errors="0">
  <testcase name="loginTest" time="16.163" classname="day36.LoginUsingGrid"/>
</testsuite> <!-- day36.LoginUsingGrid -->
