<?xml version="1.0" encoding="UTF-8"?>
<!-- Generated by org.testng.reporters.JUnitReportReporter -->
<testsuite hostname="Sai-PC" name="day28.Login" tests="1" failures="0" timestamp="21 Nov 2016 17:05:54 GMT" time="14.242" errors="0">
  <testcase name="loginTest" time="14.242" classname="day28.Login"/>
</testsuite> <!-- day28.Login -->
