<?xml version="1.0" encoding="UTF-8"?>
<!-- Generated by org.testng.reporters.JUnitReportReporter -->
<testsuite hostname="Sai-PC" name="day19.CalanderWebtable" tests="1" failures="0" timestamp="19 Oct 2016 05:11:37 GMT" time="15.190" errors="0">
  <testcase name="calanderTest" time="15.190" classname="day19.CalanderWebtable"/>
</testsuite> <!-- day19.CalanderWebtable -->
