<?xml version="1.0" encoding="UTF-8"?>
<!-- Generated by org.testng.reporters.JUnitReportReporter -->
<testsuite hostname="Sai-PC" name="day24.DatadrivenTesting3" tests="1" failures="0" timestamp="25 Oct 2016 04:23:33 GMT" time="10.281" errors="0">
  <testcase name="ajaxTest" time="10.281" classname="day24.DatadrivenTesting3"/>
</testsuite> <!-- day24.DatadrivenTesting3 -->
