<?xml version="1.0" encoding="UTF-8"?>
<!-- Generated by org.testng.reporters.JUnitReportReporter -->
<testsuite hostname="Sai-PC" name="day14.DynamicCSSSelectors" tests="1" failures="0" timestamp="13 Oct 2016 04:37:45 GMT" time="7.069" errors="0">
  <testcase name="cssTest" time="7.069" classname="day14.DynamicCSSSelectors"/>
</testsuite> <!-- day14.DynamicCSSSelectors -->
