<?xml version="1.0" encoding="UTF-8"?>
<!-- Generated by org.testng.reporters.JUnitReportReporter -->
<testsuite hostname="Sai-PC" name="day35.DB_DataDriventesting" tests="1" failures="0" timestamp="11 Nov 2016 04:16:36 GMT" time="16.425" errors="0">
  <testcase name="linkTest" time="16.425" classname="day35.DB_DataDriventesting"/>
</testsuite> <!-- day35.DB_DataDriventesting -->
