<?xml version="1.0" encoding="UTF-8"?>
<!-- Generated by org.testng.reporters.JUnitReportReporter -->
<testsuite hostname="Sai-PC" name="day18.WebtableTesting2" tests="1" failures="0" timestamp="18 Oct 2016 05:35:10 GMT" time="52.616" errors="0">
  <testcase name="webtableTest" time="52.616" classname="day18.WebtableTesting2"/>
</testsuite> <!-- day18.WebtableTesting2 -->
