<?xml version="1.0" encoding="UTF-8"?>
<!-- Generated by org.testng.reporters.JUnitReportReporter -->
<testsuite hostname="Sai-PC" name="AlertHandling" tests="1" failures="0" timestamp="24 Mar 2017 03:01:48 GMT" time="4.326" errors="0">
  <testcase name="alertTest" time="4.326" classname="AlertHandling"/>
</testsuite> <!-- AlertHandling -->
