<?xml version="1.0" encoding="UTF-8"?>
<!-- Generated by org.testng.reporters.JUnitReportReporter -->
<testsuite hostname="Sai-PC" name="day21.HiddenElementClick" tests="1" failures="0" timestamp="21 Oct 2016 05:21:01 GMT" time="4.095" errors="0">
  <testcase name="hiddenElementTest" time="4.095" classname="day21.HiddenElementClick"/>
</testsuite> <!-- day21.HiddenElementClick -->
