<?xml version="1.0" encoding="UTF-8"?>
<!-- Generated by org.testng.reporters.JUnitReportReporter -->
<testsuite hostname="Sai-PC" name="day33.TestCase1" tests="1" failures="0" timestamp="9 Nov 2016 05:02:37 GMT" time="19.403" errors="0">
  <testcase name="loginTest" time="19.403" classname="day33.TestCase1"/>
</testsuite> <!-- day33.TestCase1 -->
