<?xml version="1.0" encoding="UTF-8"?>
<!-- Generated by org.testng.reporters.JUnitReportReporter -->
<testsuite hostname="Sai-PC" name="day22.WebtableExcel" tests="1" failures="0" timestamp="22 Oct 2016 05:24:21 GMT" time="35.013" errors="0">
  <testcase name="webtableTest" time="35.013" classname="day22.WebtableExcel"/>
</testsuite> <!-- day22.WebtableExcel -->
