<?xml version="1.0" encoding="UTF-8"?>
<!-- Generated by org.testng.reporters.JUnitReportReporter -->
<testsuite hostname="Sai-PC" name="day19.DynamicWebtable" tests="1" failures="0" timestamp="19 Oct 2016 04:27:05 GMT" time="34.039" errors="0">
  <testcase name="webtableTest" time="34.039" classname="day19.DynamicWebtable"/>
</testsuite> <!-- day19.DynamicWebtable -->
