<?xml version="1.0" encoding="UTF-8"?>
<!-- Generated by org.testng.reporters.JUnitReportReporter -->
<testsuite hostname="Sai-PC" name="day24.LoginUsingProperties" tests="1" failures="0" timestamp="25 Oct 2016 04:57:59 GMT" time="4.622" errors="0">
  <testcase name="loginTest" time="4.622" classname="day24.LoginUsingProperties"/>
</testsuite> <!-- day24.LoginUsingProperties -->
