<?xml version="1.0" encoding="UTF-8"?>
<!-- Generated by org.testng.reporters.JUnitReportReporter -->
<testsuite hostname="Sai-PC" name="HiddenElementClick" tests="1" failures="0" timestamp="24 Mar 2017 03:23:13 GMT" time="4.066" errors="0">
  <testcase name="alertTest" time="4.066" classname="HiddenElementClick"/>
</testsuite> <!-- HiddenElementClick -->
