<?xml version="1.0" encoding="UTF-8"?>
<!-- Generated by org.testng.reporters.JUnitReportReporter -->
<testsuite hostname="Sai-PC" name="day29.DropdownTestingOnGrid" tests="2" failures="0" timestamp="4 Nov 2016 04:25:18 GMT" time="276.404" errors="0">
  <testcase name="dropdownTest" time="48.963" classname="day29.DropdownTestingOnGrid"/>
  <testcase name="dropdownTest" time="227.441" classname="day29.DropdownTestingOnGrid"/>
</testsuite> <!-- day29.DropdownTestingOnGrid -->
