<?xml version="1.0" encoding="UTF-8"?>
<!-- Generated by org.testng.reporters.JUnitReportReporter -->
<testsuite hostname="Sai-PC" name="day20.AjaxAutosuggestions" tests="1" failures="0" timestamp="20 Oct 2016 04:57:39 GMT" time="5.066" errors="0">
  <testcase name="ajaxTest" time="5.066" classname="day20.AjaxAutosuggestions"/>
</testsuite> <!-- day20.AjaxAutosuggestions -->
