<?xml version="1.0" encoding="UTF-8"?>
<!-- Generated by org.testng.reporters.JUnitReportReporter -->
<testsuite hostname="Sai-PC" name="day23.DatadrivenTesting1" tests="1" failures="0" timestamp="24 Oct 2016 04:52:03 GMT" time="52.251" errors="0">
  <testcase name="linkTest" time="52.251" classname="day23.DatadrivenTesting1"/>
</testsuite> <!-- day23.DatadrivenTesting1 -->
