<?xml version="1.0" encoding="UTF-8"?>
<!-- Generated by org.testng.reporters.JUnitReportReporter -->
<testsuite hostname="Sai-PC" name="day16.DragAndDrop" tests="1" failures="0" timestamp="15 Oct 2016 05:32:03 GMT" time="5.355" errors="0">
  <testcase name="dragAndDropTest" time="5.355" classname="day16.DragAndDrop"/>
</testsuite> <!-- day16.DragAndDrop -->
