<?xml version="1.0" encoding="UTF-8"?>
<!-- Generated by org.testng.reporters.JUnitReportReporter -->
<testsuite hostname="Sai-PC" name="day26.testsuite.FlightConfirmation" tests="1" failures="0" timestamp="16 May 2017 03:03:18 GMT" time="0.127" errors="0">
  <testcase name="flightConfirmTest" time="0.127" classname="day26.testsuite.FlightConfirmation"/>
</testsuite> <!-- day26.testsuite.FlightConfirmation -->
