<?xml version="1.0" encoding="UTF-8"?>
<!-- Generated by org.testng.reporters.JUnitReportReporter -->
<testsuite hostname="Sai-PC" name="day18.WebtableTesting1" tests="1" failures="0" timestamp="18 Oct 2016 05:18:29 GMT" time="21.167" errors="0">
  <testcase name="webtableTest" time="21.167" classname="day18.WebtableTesting1"/>
</testsuite> <!-- day18.WebtableTesting1 -->
