<?xml version="1.0" encoding="UTF-8"?>
<!-- Generated by org.testng.reporters.JUnitReportReporter -->
<testsuite hostname="Sai-PC" name="day33.TestCase2" tests="1" failures="0" timestamp="9 Nov 2016 05:34:56 GMT" time="26.836" errors="0">
  <testcase name="registrationTest" time="26.836" classname="day33.TestCase2"/>
</testsuite> <!-- day33.TestCase2 -->
