<?xml version="1.0" encoding="UTF-8"?>
<!-- Generated by org.testng.reporters.JUnitReportReporter -->
<testsuite hostname="Sai-PC" name="day16.RightClick" tests="1" failures="0" timestamp="15 Oct 2016 05:20:07 GMT" time="5.550" errors="0">
  <testcase name="rightClickTest" time="5.550" classname="day16.RightClick"/>
</testsuite> <!-- day16.RightClick -->
