<?xml version="1.0" encoding="UTF-8"?>
<!-- Generated by org.testng.reporters.JUnitReportReporter -->
<testsuite hostname="Sai-PC" name="day17.SliderAutomation" tests="1" failures="0" timestamp="17 Oct 2016 04:34:24 GMT" time="13.778" errors="0">
  <testcase name="sliderTest" time="13.778" classname="day17.SliderAutomation"/>
</testsuite> <!-- day17.SliderAutomation -->
