<?xml version="1.0" encoding="UTF-8"?>
<!-- Generated by org.testng.reporters.JUnitReportReporter -->
<testsuite hostname="Sai-PC" name="day21.AlertHandling" tests="1" failures="0" timestamp="21 Oct 2016 04:55:32 GMT" time="5.513" errors="0">
  <testcase name="alertTest" time="5.513" classname="day21.AlertHandling"/>
</testsuite> <!-- day21.AlertHandling -->
