<?xml version="1.0" encoding="UTF-8"?>
<!-- Generated by org.testng.reporters.JUnitReportReporter -->
<testsuite hostname="Sai-PC" name="day26.testsuite.FlightConfirmation" tests="1" failures="0" timestamp="27 Oct 2016 04:36:26 GMT" time="0.152" errors="0">
  <testcase name="flightConfirmTest" time="0.152" classname="day26.testsuite.FlightConfirmation"/>
</testsuite> <!-- day26.testsuite.FlightConfirmation -->
