<?xml version="1.0" encoding="UTF-8"?>
<!-- Generated by org.testng.reporters.JUnitReportReporter -->
<testsuite hostname="Sai-PC" name="day17.ImplicitWait" tests="1" failures="0" timestamp="17 Oct 2016 05:32:30 GMT" time="3.593" errors="0">
  <testcase name="waitTest" time="3.593" classname="day17.ImplicitWait"/>
</testsuite> <!-- day17.ImplicitWait -->
