<?xml version="1.0" encoding="UTF-8"?>
<!-- Generated by org.testng.reporters.JUnitReportReporter -->
<testsuite hostname="Sai-PC" name="day12.XpathCreation2" tests="1" failures="0" timestamp="6 Oct 2016 05:21:21 GMT" time="13.047" errors="0">
  <testcase name="xpathTest" time="13.047" classname="day12.XpathCreation2"/>
</testsuite> <!-- day12.XpathCreation2 -->
