<?xml version="1.0" encoding="UTF-8"?>
<!-- Generated by org.testng.reporters.JUnitReportReporter -->
<testsuite hostname="Sai-PC" name="day18.ExplicitWait_FluentWait" tests="1" failures="0" timestamp="18 Oct 2016 04:59:44 GMT" time="4.843" errors="0">
  <testcase name="waitTest" time="4.843" classname="day18.ExplicitWait_FluentWait"/>
</testsuite> <!-- day18.ExplicitWait_FluentWait -->
