<?xml version="1.0" encoding="UTF-8"?>
<!-- Generated by org.testng.reporters.JUnitReportReporter -->
<testsuite hostname="Sai-PC" name="day18.ExplcitWait_WebDriverwait" tests="1" failures="0" timestamp="18 Oct 2016 04:27:24 GMT" time="8.434" errors="0">
  <testcase name="waitTest" time="8.434" classname="day18.ExplcitWait_WebDriverwait"/>
</testsuite> <!-- day18.ExplcitWait_WebDriverwait -->
