<?xml version="1.0" encoding="UTF-8"?>
<!-- Generated by org.testng.reporters.JUnitReportReporter -->
<testsuite hostname="Sai-PC" name="day26.testsuite.Login" tests="1" failures="0" timestamp="27 Oct 2016 04:36:26 GMT" time="20.768" errors="0">
  <testcase name="loginTest" time="20.768" classname="day26.testsuite.Login"/>
</testsuite> <!-- day26.testsuite.Login -->
