<?xml version="1.0" encoding="UTF-8"?>
<!-- Generated by org.testng.reporters.JUnitReportReporter -->
<testsuite hostname="Sai-PC" name="day25.LoginUisngReflections" tests="1" failures="0" timestamp="26 Oct 2016 04:43:15 GMT" time="22.438" errors="0">
  <testcase name="loginTest" time="22.438" classname="day25.LoginUisngReflections"/>
</testsuite> <!-- day25.LoginUisngReflections -->
