<?xml version="1.0" encoding="UTF-8"?>
<!-- Generated by org.testng.reporters.JUnitReportReporter -->
<testsuite hostname="Sai-PC" name="day16.MouseHover" tests="1" failures="0" timestamp="15 Oct 2016 05:00:13 GMT" time="6.249" errors="0">
  <testcase name="mouseHoverTest" time="6.249" classname="day16.MouseHover"/>
</testsuite> <!-- day16.MouseHover -->
