<?xml version="1.0" encoding="UTF-8"?>
<!-- Generated by org.testng.reporters.JUnitReportReporter -->
<testsuite hostname="Sai-PC" name="day16.FramesAutomation" tests="1" failures="0" timestamp="15 Oct 2016 04:35:02 GMT" time="13.247" errors="0">
  <testcase name="framesTest" time="13.247" classname="day16.FramesAutomation"/>
</testsuite> <!-- day16.FramesAutomation -->
