<?xml version="1.0" encoding="UTF-8"?>
<!-- Generated by org.testng.reporters.JUnitReportReporter -->
<testsuite hostname="Sai-PC" name="day13.Xpaths" tests="1" failures="0" timestamp="7 Oct 2016 05:02:02 GMT" time="13.140" errors="0">
  <testcase name="xpathTest" time="13.140" classname="day13.Xpaths"/>
</testsuite> <!-- day13.Xpaths -->
