<?xml version="1.0" encoding="UTF-8"?>
<!-- Generated by org.testng.reporters.JUnitReportReporter -->
<testsuite hostname="Sai-PC" name="day26.testsuite.FindAFlight" tests="1" failures="0" timestamp="27 Oct 2016 04:36:26 GMT" time="3.789" errors="0">
  <testcase name="findFlightTest" time="3.789" classname="day26.testsuite.FindAFlight"/>
</testsuite> <!-- day26.testsuite.FindAFlight -->
