<?xml version="1.0" encoding="UTF-8"?>
<!-- Generated by org.testng.reporters.JUnitReportReporter -->
<testsuite hostname="Sai-PC" name="day14.ProfilesExample" tests="1" failures="0" timestamp="13 Oct 2016 04:55:45 GMT" time="0.032" errors="0">
  <testcase name="profilesTest" time="0.032" classname="day14.ProfilesExample"/>
</testsuite> <!-- day14.ProfilesExample -->
