<?xml version="1.0" encoding="UTF-8"?>
<!-- Generated by org.testng.reporters.JUnitReportReporter -->
<testsuite hostname="Sai-PC" name="day12.XpathCreation1" tests="1" failures="0" timestamp="6 Oct 2016 05:05:44 GMT" time="4.150" errors="0">
  <testcase name="xpathTest" time="4.150" classname="day12.XpathCreation1"/>
</testsuite> <!-- day12.XpathCreation1 -->
