<?xml version="1.0" encoding="UTF-8"?>
<!-- Generated by org.testng.reporters.JUnitReportReporter -->
<testsuite hostname="Sai-PC" name="day12.Sample" tests="2" failures="0" timestamp="6 Oct 2016 04:18:24 GMT" time="0.063" errors="0">
  <testcase name="loginTest" time="0.032" classname="day12.Sample"/>
  <testcase name="registrationTest" time="0.031" classname="day12.Sample"/>
</testsuite> <!-- day12.Sample -->
