<?xml version="1.0" encoding="UTF-8"?>
<!-- Generated by org.testng.reporters.JUnitReportReporter -->
<testsuite hostname="Sai-PC" name="day31.CloudTesting" tests="3" failures="0" timestamp="5 Nov 2016 05:01:18 GMT" time="1068.792" errors="0">
  <testcase name="cloudTest" time="354.330" classname="day31.CloudTesting"/>
  <testcase name="cloudTest" time="339.063" classname="day31.CloudTesting"/>
  <testcase name="cloudTest" time="375.399" classname="day31.CloudTesting"/>
</testsuite> <!-- day31.CloudTesting -->
