<?xml version="1.0" encoding="UTF-8"?>
<!-- Generated by org.testng.reporters.JUnitReportReporter -->
<testsuite hostname="Sai-PC" name="day26.testsuite.BookAFlight" tests="1" failures="0" timestamp="16 May 2017 03:03:18 GMT" time="1.969" errors="0">
  <testcase name="bookaFlightTest" time="1.969" classname="day26.testsuite.BookAFlight"/>
</testsuite> <!-- day26.testsuite.BookAFlight -->
