<?xml version="1.0" encoding="UTF-8"?>
<!-- Generated by org.testng.reporters.JUnitReportReporter -->
<testsuite hostname="Sai-PC" name="day20.CookiesTesting" tests="1" failures="0" timestamp="20 Oct 2016 04:26:51 GMT" time="0.215" errors="0">
  <testcase name="cookiesTest" time="0.215" classname="day20.CookiesTesting"/>
</testsuite> <!-- day20.CookiesTesting -->
