<?xml version="1.0" encoding="UTF-8"?>
<!-- Generated by org.testng.reporters.JUnitReportReporter -->
<testsuite hostname="Sai-PC" name="day21.RadioButtonsTesting" tests="1" failures="0" timestamp="21 Oct 2016 04:24:49 GMT" time="13.771" errors="0">
  <testcase name="radioButtonsTest" time="13.771" classname="day21.RadioButtonsTesting"/>
</testsuite> <!-- day21.RadioButtonsTesting -->
